2018-11-29 12:34:40.340  - [35msilly[39m: google-sharedlocations.0 inMem message  messagebox.system.adapter.google-sharedlocations.0 messagebox.system.adapter.google-sharedlocations.0 command=getUsersFromDB, message=null, from=system.adapter.admin.0, message=null, id=16, ack=false, time=1543484080336, _id=14272550
2018-11-29 12:34:40.349  - [34mdebug[39m: google-sharedlocations.0 sendTo "getUsersFromDB" to system.adapter.admin.0 from system.adapter.google-sharedlocations.0
2018-11-29 12:34:50.682  - [35msilly[39m: google-sharedlocations.0 inMem message  *.logging system.adapter.admin.0.logging val=true, ack=true, ts=1543484090680, q=0, from=system.adapter.admin.0, lc=1543484090680
2018-11-29 12:34:50.682  - [34mdebug[39m: google-sharedlocations.0 system.adapter.admin.0: logging true
2018-11-29 12:35:18.901  - [35msilly[39m: google-sharedlocations.0 inMem message  messagebox.system.adapter.google-sharedlocations.0 messagebox.system.adapter.google-sharedlocations.0 command=getUsersFromDB, message=null, from=system.adapter.admin.0, message=null, id=20, ack=false, time=1543484118900, _id=14272558
2018-11-29 12:35:18.903  - [34mdebug[39m: google-sharedlocations.0 sendTo "getUsersFromDB" to system.adapter.admin.0 from system.adapter.google-sharedlocations.0
2018-11-29 12:35:21.488  - [35msilly[39m: google-sharedlocations.0 inMem message  *.logging system.adapter.admin.0.logging val=false, ack=true, ts=1543484121487, q=0, from=system.adapter.admin.0, lc=1543484121487
2018-11-29 12:35:21.489  - [34mdebug[39m: google-sharedlocations.0 system.adapter.admin.0: logging false
2018-11-29 12:35:38.511  - [35msilly[39m: google-sharedlocations.0 inMem message  messagebox.system.adapter.google-sharedlocations.0 messagebox.system.adapter.google-sharedlocations.0 command=checkConnection, message={"google_username": "Ellinagennadievnainfo@gmail.com","google_password": "TATCULTLAB_1","google_verify_email": ""}, from=system.adapter.admin.0, message={"google_username": "Ellinagennadievnainfo@gmail.com","google_password": "TATCULTLAB_1","google_verify_email": ""}, id=21, ack=false, time=1543484138510, _id=14272560
2018-11-29 12:35:39.534  - [34mdebug[39m: google-sharedlocations.0 sendTo "checkConnection" to system.adapter.admin.0 from system.adapter.google-sharedlocations.0: false
2018-11-29 12:35:45.071  - [35msilly[39m: google-sharedlocations.0 inMem message  *.logging system.adapter.admin.0.logging val=true, ack=true, ts=1543484145068, q=0, from=system.adapter.admin.0, lc=1543484145068
2018-11-29 12:35:45.071  - [34mdebug[39m: google-sharedlocations.0 system.adapter.admin.0: logging true
2018-11-29 12:36:06.664  - [35msilly[39m: google-sharedlocations.0 inMem message  *.logging system.adapter.admin.0.logging val=false, ack=true, ts=1543484166662, q=0, from=system.adapter.admin.0, lc=1543484166662
2018-11-29 12:36:06.664  - [34mdebug[39m: google-sharedlocations.0 system.adapter.admin.0: logging false
2018-11-29 12:39:35.868  - [35msilly[39m: google-sharedlocations.0 inMem message  messagebox.system.adapter.google-sharedlocations.0 messagebox.system.adapter.google-sharedlocations.0 command=getUsersFromDB, message=null, from=system.adapter.admin.0, message=null, id=26, ack=false, time=1543484375867, _id=14272570
2018-11-29 12:39:35.872  - [34mdebug[39m: google-sharedlocations.0 sendTo "getUsersFromDB" to system.adapter.admin.0 from system.adapter.google-sharedlocations.0
2018-11-29 12:43:31.218  - [35msilly[39m: google-sharedlocations.0 inMem message  messagebox.system.adapter.google-sharedlocations.0 messagebox.system.adapter.google-sharedlocations.0 command=getUsersFromDB, message=null, from=system.adapter.admin.0, message=null, id=33, ack=false, time=1543484611215, _id=14272584
2018-11-29 12:43:31.221  - [34mdebug[39m: google-sharedlocations.0 sendTo "getUsersFromDB" to system.adapter.admin.0 from system.adapter.google-sharedlocations.0
2018-11-29 13:22:42.970  - [35msilly[39m: google-sharedlocations.0 inMem message  messagebox.system.adapter.google-sharedlocations.0 messagebox.system.adapter.google-sharedlocations.0 command=getUsersFromDB, message=null, from=system.adapter.admin.0, message=null, id=46, ack=false, time=1543486962967, _id=14272610
2018-11-29 13:22:42.975  - [34mdebug[39m: google-sharedlocations.0 sendTo "getUsersFromDB" to system.adapter.admin.0 from system.adapter.google-sharedlocations.0
2018-11-29 13:23:26.759  - [35msilly[39m: google-sharedlocations.0 inMem message  messagebox.system.adapter.google-sharedlocations.0 messagebox.system.adapter.google-sharedlocations.0 command=checkConnection, message={"google_username": "Ellina Khalyapina","google_password": "TATCULTLAB_1","google_verify_email": "Ellinagennadievnainfo@gmail.com"}, from=system.adapter.admin.0, message={"google_username": "Ellina Khalyapina","google_password": "TATCULTLAB_1","google_verify_email": "Ellinagennadievnainfo@gmail.com"}, id=47, ack=false, time=1543487006757, _id=14272612
2018-11-29 13:23:27.586  - [34mdebug[39m: google-sharedlocations.0 sendTo "checkConnection" to system.adapter.admin.0 from system.adapter.google-sharedlocations.0: false
2018-11-29 13:24:35.396  - [35msilly[39m: google-sharedlocations.0 inMem message  messagebox.system.adapter.google-sharedlocations.0 messagebox.system.adapter.google-sharedlocations.0 command=checkConnection, message={"google_username": "Ellina Khalyapina","google_password": "TATCULTLAB_1","google_verify_email": "Ellinagennadievnainfo@gmail.com"}, from=system.adapter.admin.0, message={"google_username": "Ellina Khalyapina","google_password": "TATCULTLAB_1","google_verify_email": "Ellinagennadievnainfo@gmail.com"}, id=48, ack=false, time=1543487075395, _id=14272614
2018-11-29 13:24:36.109  - [34mdebug[39m: google-sharedlocations.0 sendTo "checkConnection" to system.adapter.admin.0 from system.adapter.google-sharedlocations.0: false
2018-11-29 13:24:58.461  - [35msilly[39m: google-sharedlocations.0 inMem message  messagebox.system.adapter.google-sharedlocations.0 messagebox.system.adapter.google-sharedlocations.0 command=checkConnection, message={"google_username": "Ellina","google_password": "TATCULTLAB_1","google_verify_email": "Ellinagennadievnainfo@gmail.com"}, from=system.adapter.admin.0, message={"google_username": "Ellina","google_password": "TATCULTLAB_1","google_verify_email": "Ellinagennadievnainfo@gmail.com"}, id=49, ack=false, time=1543487098459, _id=14272616
2018-11-29 13:24:59.596  - [34mdebug[39m: google-sharedlocations.0 sendTo "checkConnection" to system.adapter.admin.0 from system.adapter.google-sharedlocations.0: false
2018-11-29 13:25:26.423  - [35msilly[39m: google-sharedlocations.0 inMem message  messagebox.system.adapter.google-sharedlocations.0 messagebox.system.adapter.google-sharedlocations.0 command=checkConnection, message={"google_username": "Ellinagennadievnainfo","google_password": "TATCULTLAB_1","google_verify_email": "Ellinagennadievnainfo@gmail.com"}, from=system.adapter.admin.0, message={"google_username": "Ellinagennadievnainfo","google_password": "TATCULTLAB_1","google_verify_email": "Ellinagennadievnainfo@gmail.com"}, id=50, ack=false, time=1543487126422, _id=14272618
2018-11-29 13:25:27.397  - [34mdebug[39m: google-sharedlocations.0 sendTo "checkConnection" to system.adapter.admin.0 from system.adapter.google-sharedlocations.0: false
2018-11-29 13:27:47.381  - [35msilly[39m: google-sharedlocations.0 inMem message  messagebox.system.adapter.google-sharedlocations.0 messagebox.system.adapter.google-sharedlocations.0 command=checkConnection, message={"google_username": "Ellina Khalyapina","google_password": "TATCULTLAB_1","google_verify_email": "Ellinagennadievnainfo@gmail.com"}, from=system.adapter.admin.0, message={"google_username": "Ellina Khalyapina","google_password": "TATCULTLAB_1","google_verify_email": "Ellinagennadievnainfo@gmail.com"}, id=51, ack=false, time=1543487267380, _id=14272620
2018-11-29 13:27:48.172  - [34mdebug[39m: google-sharedlocations.0 sendTo "checkConnection" to system.adapter.admin.0 from system.adapter.google-sharedlocations.0: false
2018-11-29 13:28:35.098  - [35msilly[39m: google-sharedlocations.0 inMem message  messagebox.system.adapter.google-sharedlocations.0 messagebox.system.adapter.google-sharedlocations.0 command=checkConnection, message={"google_username": "ellinagennadievna","google_password": "TATCULTLAB_1","google_verify_email": "ellinagennadievnainfo@gmail.com"}, from=system.adapter.admin.0, message={"google_username": "ellinagennadievna","google_password": "TATCULTLAB_1","google_verify_email": "ellinagennadievnainfo@gmail.com"}, id=52, ack=false, time=1543487315097, _id=14272622
2018-11-29 13:28:36.073  - [34mdebug[39m: google-sharedlocations.0 sendTo "checkConnection" to system.adapter.admin.0 from system.adapter.google-sharedlocations.0: false
2018-11-29 13:31:59.607  - [35msilly[39m: google-sharedlocations.0 inMem message  messagebox.system.adapter.google-sharedlocations.0 messagebox.system.adapter.google-sharedlocations.0 command=checkConnection, message={"google_username": "ellinagennadievnainfo","google_password": "TATCULTLAB_1","google_verify_email": "changelifetest@gmail.com"}, from=system.adapter.admin.0, message={"google_username": "ellinagennadievnainfo","google_password": "TATCULTLAB_1","google_verify_email": "changelifetest@gmail.com"}, id=53, ack=false, time=1543487519605, _id=14272624
2018-11-29 13:32:00.560  - [34mdebug[39m: google-sharedlocations.0 sendTo "checkConnection" to system.adapter.admin.0 from system.adapter.google-sharedlocations.0: false
2018-11-29 13:32:08.153  - [35msilly[39m: google-sharedlocations.0 inMem message  messagebox.system.adapter.google-sharedlocations.0 messagebox.system.adapter.google-sharedlocations.0 command=checkConnection, message={"google_username": "ellinagennadievnainfo@gmail.com","google_password": "TATCULTLAB_1","google_verify_email": "changelifetest@gmail.com"}, from=system.adapter.admin.0, message={"google_username": "ellinagennadievnainfo@gmail.com","google_password": "TATCULTLAB_1","google_verify_email": "changelifetest@gmail.com"}, id=54, ack=false, time=1543487528151, _id=14272626
2018-11-29 13:32:09.150  - [34mdebug[39m: google-sharedlocations.0 sendTo "checkConnection" to system.adapter.admin.0 from system.adapter.google-sharedlocations.0: false
2018-11-29 13:32:59.896  - [35msilly[39m: google-sharedlocations.0 inMem message  messagebox.system.adapter.google-sharedlocations.0 messagebox.system.adapter.google-sharedlocations.0 command=checkConnection, message={"google_username": "ellinagennadievnainfo@gmail.com","google_password": "TATCULTLAB_1","google_verify_email": "changelifetest@gmail.com"}, from=system.adapter.admin.0, message={"google_username": "ellinagennadievnainfo@gmail.com","google_password": "TATCULTLAB_1","google_verify_email": "changelifetest@gmail.com"}, id=55, ack=false, time=1543487579894, _id=14272628
2018-11-29 13:33:00.879  - [34mdebug[39m: google-sharedlocations.0 sendTo "checkConnection" to system.adapter.admin.0 from system.adapter.google-sharedlocations.0: false
2018-11-29 13:33:22.733  - [35msilly[39m: google-sharedlocations.0 inMem message  messagebox.system.adapter.google-sharedlocations.0 messagebox.system.adapter.google-sharedlocations.0 command=checkConnection, message={"google_username": "Ellina Khalyapina","google_password": "TATCULTLAB_1","google_verify_email": "changelifetest@gmail.com"}, from=system.adapter.admin.0, message={"google_username": "Ellina Khalyapina","google_password": "TATCULTLAB_1","google_verify_email": "changelifetest@gmail.com"}, id=56, ack=false, time=1543487602730, _id=14272630
2018-11-29 13:33:23.548  - [34mdebug[39m: google-sharedlocations.0 sendTo "checkConnection" to system.adapter.admin.0 from system.adapter.google-sharedlocations.0: false
2018-11-29 13:33:45.993  - [35msilly[39m: google-sharedlocations.0 inMem message  messagebox.system.adapter.google-sharedlocations.0 messagebox.system.adapter.google-sharedlocations.0 command=checkConnection, message={"google_username": "ellinagennadievnainfo","google_password": "TATCULTLAB_1","google_verify_email": "changelifetest@gmail.com"}, from=system.adapter.admin.0, message={"google_username": "ellinagennadievnainfo","google_password": "TATCULTLAB_1","google_verify_email": "changelifetest@gmail.com"}, id=57, ack=false, time=1543487625992, _id=14272632
2018-11-29 13:33:47.007  - [34mdebug[39m: google-sharedlocations.0 sendTo "checkConnection" to system.adapter.admin.0 from system.adapter.google-sharedlocations.0: false
2018-11-29 13:34:20.110  - [35msilly[39m: google-sharedlocations.0 inMem message  messagebox.system.adapter.google-sharedlocations.0 messagebox.system.adapter.google-sharedlocations.0 command=checkConnection, message={"google_username": "ellinagennadievnainfo@gmail.com","google_password": "TATCULTLAB_1","google_verify_email": "changelifetest@gmail.com"}, from=system.adapter.admin.0, message={"google_username": "ellinagennadievnainfo@gmail.com","google_password": "TATCULTLAB_1","google_verify_email": "changelifetest@gmail.com"}, id=58, ack=false, time=1543487660109, _id=14272634
2018-11-29 13:34:21.091  - [34mdebug[39m: google-sharedlocations.0 sendTo "checkConnection" to system.adapter.admin.0 from system.adapter.google-sharedlocations.0: false
2018-11-29 13:34:50.895  - [35msilly[39m: google-sharedlocations.0 inMem message  messagebox.system.adapter.google-sharedlocations.0 messagebox.system.adapter.google-sharedlocations.0 command=checkConnection, message={"google_username": "ellinagennadievnainfo@gmail.com","google_password": "TATCULTLAB_1","google_verify_email": "changelifetest@gmail.com"}, from=system.adapter.admin.0, message={"google_username": "ellinagennadievnainfo@gmail.com","google_password": "TATCULTLAB_1","google_verify_email": "changelifetest@gmail.com"}, id=59, ack=false, time=1543487690894, _id=14272636
2018-11-29 13:34:51.849  - [34mdebug[39m: google-sharedlocations.0 sendTo "checkConnection" to system.adapter.admin.0 from system.adapter.google-sharedlocations.0: false
2018-11-29 13:36:03.470  - [35msilly[39m: google-sharedlocations.0 inMem message  messagebox.system.adapter.google-sharedlocations.0 messagebox.system.adapter.google-sharedlocations.0 command=checkConnection, message={"google_username": "ellinagennadievnainfo@gmail.com","google_password": "TATCULTLAB_1","google_verify_email": "changelifetest@gmail.com"}, from=system.adapter.admin.0, message={"google_username": "ellinagennadievnainfo@gmail.com","google_password": "TATCULTLAB_1","google_verify_email": "changelifetest@gmail.com"}, id=60, ack=false, time=1543487763469, _id=14272638
2018-11-29 13:36:04.414  - [34mdebug[39m: google-sharedlocations.0 sendTo "checkConnection" to system.adapter.admin.0 from system.adapter.google-sharedlocations.0: false
2018-11-29 13:36:35.502  - [35msilly[39m: google-sharedlocations.0 inMem message  messagebox.system.adapter.google-sharedlocations.0 messagebox.system.adapter.google-sharedlocations.0 command=checkConnection, message={"google_username": "ellinagennadievnainfo@gmail.com","google_password": "TATCULTLAB_1","google_verify_email": "changelifetest@gmail.com"}, from=system.adapter.admin.0, message={"google_username": "ellinagennadievnainfo@gmail.com","google_password": "TATCULTLAB_1","google_verify_email": "changelifetest@gmail.com"}, id=61, ack=false, time=1543487795499, _id=14272640
2018-11-29 13:36:37.518  - [34mdebug[39m: google-sharedlocations.0 sendTo "checkConnection" to system.adapter.admin.0 from system.adapter.google-sharedlocations.0: false
2018-11-29 13:39:06.262  - [35msilly[39m: google-sharedlocations.0 inMem message  messagebox.system.adapter.google-sharedlocations.0 messagebox.system.adapter.google-sharedlocations.0 command=checkConnection, message={"google_username": "ellinagennadievnainfo","google_password": "TATCULTLAB_1","google_verify_email": "changelifetest@gmail.com"}, from=system.adapter.admin.0, message={"google_username": "ellinagennadievnainfo","google_password": "TATCULTLAB_1","google_verify_email": "changelifetest@gmail.com"}, id=62, ack=false, time=1543487946261, _id=14272642
2018-11-29 13:39:07.302  - [34mdebug[39m: google-sharedlocations.0 sendTo "checkConnection" to system.adapter.admin.0 from system.adapter.google-sharedlocations.0: false
2018-11-29 13:39:23.497  - [35msilly[39m: google-sharedlocations.0 inMem message  messagebox.system.adapter.google-sharedlocations.0 messagebox.system.adapter.google-sharedlocations.0 command=checkConnection, message={"google_username": "ellinagennadievnainfo","google_password": "TATCULTLAB_1","google_verify_email": "changelifetest@gmail.com"}, from=system.adapter.admin.0, message={"google_username": "ellinagennadievnainfo","google_password": "TATCULTLAB_1","google_verify_email": "changelifetest@gmail.com"}, id=63, ack=false, time=1543487963495, _id=14272644
2018-11-29 13:39:24.445  - [34mdebug[39m: google-sharedlocations.0 sendTo "checkConnection" to system.adapter.admin.0 from system.adapter.google-sharedlocations.0: false
2018-11-29 13:41:57.944  - [35msilly[39m: google-sharedlocations.0 inMem message  messagebox.system.adapter.google-sharedlocations.0 messagebox.system.adapter.google-sharedlocations.0 command=getUsersFromDB, message=null, from=system.adapter.admin.0, message=null, id=64, ack=false, time=1543488117942, _id=14272646
2018-11-29 13:41:57.949  - [34mdebug[39m: google-sharedlocations.0 sendTo "getUsersFromDB" to system.adapter.admin.0 from system.adapter.google-sharedlocations.0
2018-11-29 14:02:26.946  - [35msilly[39m: google-sharedlocations.0 inMem message  messagebox.system.adapter.google-sharedlocations.0 messagebox.system.adapter.google-sharedlocations.0 command=getUsersFromDB, message=null, from=system.adapter.admin.0, message=null, id=65, ack=false, time=1543489346944, _id=14272648
2018-11-29 14:02:26.951  - [34mdebug[39m: google-sharedlocations.0 sendTo "getUsersFromDB" to system.adapter.admin.0 from system.adapter.google-sharedlocations.0
2018-11-29 14:05:19.012  - [35msilly[39m: google-sharedlocations.0 inMem message  messagebox.system.adapter.google-sharedlocations.0 messagebox.system.adapter.google-sharedlocations.0 command=checkConnection, message={"google_username": "Ellinagennadievnainfo@gmail.com","google_password": "TATCULTLAB_1","google_verify_email": "changelifetest@gmail.com"}, from=system.adapter.admin.0, message={"google_username": "Ellinagennadievnainfo@gmail.com","google_password": "TATCULTLAB_1","google_verify_email": "changelifetest@gmail.com"}, id=66, ack=false, time=1543489519011, _id=14272650
2018-11-29 14:05:20.096  - [34mdebug[39m: google-sharedlocations.0 sendTo "checkConnection" to system.adapter.admin.0 from system.adapter.google-sharedlocations.0: false
2018-11-29 14:05:21.778  - [35msilly[39m: google-sharedlocations.0 inMem message  messagebox.system.adapter.google-sharedlocations.0 messagebox.system.adapter.google-sharedlocations.0 command=checkConnection, message={"google_username": "Ellinagennadievnainfo@gmail.com","google_password": "TATCULTLAB_1","google_verify_email": "changelifetest@gmail.com"}, from=system.adapter.admin.0, message={"google_username": "Ellinagennadievnainfo@gmail.com","google_password": "TATCULTLAB_1","google_verify_email": "changelifetest@gmail.com"}, id=67, ack=false, time=1543489521772, _id=14272652
2018-11-29 14:05:22.777  - [34mdebug[39m: google-sharedlocations.0 sendTo "checkConnection" to system.adapter.admin.0 from system.adapter.google-sharedlocations.0: false
2018-11-29 14:05:35.623  - [35msilly[39m: google-sharedlocations.0 inMem message  messagebox.system.adapter.google-sharedlocations.0 messagebox.system.adapter.google-sharedlocations.0 command=checkConnection, message={"google_username": "ellinagennadievnainfo","google_password": "TATCULTLAB_1","google_verify_email": "changelifetest@gmail.com"}, from=system.adapter.admin.0, message={"google_username": "ellinagennadievnainfo","google_password": "TATCULTLAB_1","google_verify_email": "changelifetest@gmail.com"}, id=68, ack=false, time=1543489535622, _id=14272654
2018-11-29 14:05:36.555  - [34mdebug[39m: google-sharedlocations.0 sendTo "checkConnection" to system.adapter.admin.0 from system.adapter.google-sharedlocations.0: false
2018-11-29 14:05:55.592  - [35msilly[39m: google-sharedlocations.0 inMem message  messagebox.system.adapter.google-sharedlocations.0 messagebox.system.adapter.google-sharedlocations.0 command=checkConnection, message={"google_username": "ellinagennadievnainfo@gmail.com","google_password": "TATCULTLAB_1","google_verify_email": "changelifetest@gmail.com"}, from=system.adapter.admin.0, message={"google_username": "ellinagennadievnainfo@gmail.com","google_password": "TATCULTLAB_1","google_verify_email": "changelifetest@gmail.com"}, id=69, ack=false, time=1543489555590, _id=14272656
2018-11-29 14:05:56.646  - [34mdebug[39m: google-sharedlocations.0 sendTo "checkConnection" to system.adapter.admin.0 from system.adapter.google-sharedlocations.0: false
2018-11-29 14:06:07.885  - [35msilly[39m: google-sharedlocations.0 inMem message  messagebox.system.adapter.google-sharedlocations.0 messagebox.system.adapter.google-sharedlocations.0 command=checkConnection, message={"google_username": "ellinagennadievnainfo@gmail.com","google_password": "TATCULTLAB_1","google_verify_email": "changelifetest@gmail.com"}, from=system.adapter.admin.0, message={"google_username": "ellinagennadievnainfo@gmail.com","google_password": "TATCULTLAB_1","google_verify_email": "changelifetest@gmail.com"}, id=70, ack=false, time=1543489567882, _id=14272658
2018-11-29 14:06:08.926  - [34mdebug[39m: google-sharedlocations.0 sendTo "checkConnection" to system.adapter.admin.0 from system.adapter.google-sharedlocations.0: false
2018-11-29 14:06:35.148  - [35msilly[39m: google-sharedlocations.0 inMem message  messagebox.system.adapter.google-sharedlocations.0 messagebox.system.adapter.google-sharedlocations.0 command=checkConnection, message={"google_username": "ellinagennadievnainfo","google_password": "TATCULTLAB_1","google_verify_email": ""}, from=system.adapter.admin.0, message={"google_username": "ellinagennadievnainfo","google_password": "TATCULTLAB_1","google_verify_email": ""}, id=71, ack=false, time=1543489595146, _id=14272660
2018-11-29 14:06:36.176  - [34mdebug[39m: google-sharedlocations.0 sendTo "checkConnection" to system.adapter.admin.0 from system.adapter.google-sharedlocations.0: false
2018-11-29 14:11:20.861  - [35msilly[39m: google-sharedlocations.0 inMem message  messagebox.system.adapter.google-sharedlocations.0 messagebox.system.adapter.google-sharedlocations.0 command=checkConnection, message={"google_username": "ellinagennadievnainfo@gmail.com","google_password": "TATCULTLAB_1","google_verify_email": "changelifetest@gmail.com"}, from=system.adapter.admin.0, message={"google_username": "ellinagennadievnainfo@gmail.com","google_password": "TATCULTLAB_1","google_verify_email": "changelifetest@gmail.com"}, id=72, ack=false, time=1543489880860, _id=14272662
2018-11-29 14:11:21.885  - [34mdebug[39m: google-sharedlocations.0 sendTo "checkConnection" to system.adapter.admin.0 from system.adapter.google-sharedlocations.0: false
2018-11-29 14:11:32.950  - [32minfo[39m: host.Mac-mini-kir.local object change system.adapter.google-sharedlocations.0
2018-11-29 14:11:32.954  - [32minfo[39m: host.Mac-mini-kir.local stopInstance system.adapter.google-sharedlocations.0
2018-11-29 14:11:32.954  - [32minfo[39m: host.Mac-mini-kir.local stopInstance system.adapter.google-sharedlocations.0 killing pid 48155
2018-11-29 14:11:32.960  - [32minfo[39m: google-sharedlocations.0 cleaned everything up...
2018-11-29 14:11:33.471  - [32minfo[39m: google-sharedlocations.0 terminating
2018-11-29 14:11:33.500  - [32minfo[39m: host.Mac-mini-kir.local instance system.adapter.google-sharedlocations.0 terminated with code 0 (OK)
2018-11-29 14:11:35.486  - [32minfo[39m: host.Mac-mini-kir.local instance system.adapter.google-sharedlocations.0 started with pid 48923
2018-11-29 14:11:39.770  - [34mdebug[39m: google-sharedlocations.0 objectDB connected
2018-11-29 14:11:39.804  - [34mdebug[39m: google-sharedlocations.0 statesDB connected
2018-11-29 14:11:40.597  - [32minfo[39m: google-sharedlocations.0 starting. Version 1.5.2 in /Users/inlines/Desktop/ioBroker/node_modules/iobroker.google-sharedlocations, node: v6.12.0
2018-11-29 14:11:40.599  - [32minfo[39m: google-sharedlocations.0 Starting google shared locations adapter
2018-11-29 14:11:41.622  - [31merror[39m: google-sharedlocations.0 First connection failed.
2018-11-29 14:11:41.624  - [35msilly[39m: google-sharedlocations.0 inMem message  google-sharedlocations.0.info.connection google-sharedlocations.0.info.connection val=false, ack=false, ts=1543489901623, q=0, from=system.adapter.google-sharedlocations.0, lc=1543421012135
2018-11-29 14:11:41.626  - [34mdebug[39m: google-sharedlocations.0 stateChange google-sharedlocations.0.info.connection {"val":false,"ack":false,"ts":1543489901623,"q":0,"from":"system.adapter.google-sharedlocations.0","lc":1543421012135}
